app/build/outputs/logs/manifest-merger-debug-report.txt
-- Merging decision tree log ---
manifest
ADDED from src/main/AndroidManifest.xml:2:1-278:12
	xmlns:android
		ADDED from src/main/AndroidManifest.xml:2:11-69
	package
		ADDED from src/main/AndroidManifest.xml:3:5-43
		INJECTED from src/main/AndroidManifest.xml
		INJECTED from src/main/AndroidManifest.xml
	android:versionName
		ADDED from src/main/AndroidManifest.xml:5:5-30
		INJECTED from src/main/AndroidManifest.xml
		INJECTED from src/main/AndroidManifest.xml
	android:versionCode
		ADDED from src/main/AndroidManifest.xml:4:5-28
		INJECTED from src/main/AndroidManifest.xml
		INJECTED from src/main/AndroidManifest.xml
uses-sdk
ADDED from src/main/AndroidManifest.xml:7:5-9:41
MERGED from [com.android.support:appcompat-v7:21.0.3] AndroidManifest.xml:15:5-42
MERGED from [com.android.support:support-v4:21.0.3] AndroidManifest.xml:15:5-42
	android:targetSdkVersion
		ADDED from src/main/AndroidManifest.xml:9:9-38
		INJECTED from src/main/AndroidManifest.xml
		INJECTED from src/main/AndroidManifest.xml
	android:minSdkVersion
		ADDED from src/main/AndroidManifest.xml:8:9-35
		INJECTED from src/main/AndroidManifest.xml
		INJECTED from src/main/AndroidManifest.xml
uses-permission#android.permission.INTERNET
ADDED from src/main/AndroidManifest.xml:11:5-67
	android:name
		ADDED from src/main/AndroidManifest.xml:11:22-64
uses-permission#android.permission.ACCESS_NETWORK_STATE
ADDED from src/main/AndroidManifest.xml:12:5-79
	android:name
		ADDED from src/main/AndroidManifest.xml:12:22-76
uses-permission#android.permission.WRITE_EXTERNAL_STORAGE
ADDED from src/main/AndroidManifest.xml:13:5-81
	android:name
		ADDED from src/main/AndroidManifest.xml:13:22-78
application
ADDED from src/main/AndroidManifest.xml:15:5-276:19
MERGED from [com.android.support:appcompat-v7:21.0.3] AndroidManifest.xml:16:5-19
MERGED from [com.android.support:support-v4:21.0.3] AndroidManifest.xml:16:5-19
	android:label
		ADDED from src/main/AndroidManifest.xml:19:9-41
	android:allowBackup
		ADDED from src/main/AndroidManifest.xml:17:9-35
	android:icon
		ADDED from src/main/AndroidManifest.xml:18:9-45
	android:name
		ADDED from src/main/AndroidManifest.xml:16:9-33
activity#com.movie.movieticketbooking.activities.SplashActivity
ADDED from src/main/AndroidManifest.xml:22:9-32:20
	android:screenOrientation
		ADDED from src/main/AndroidManifest.xml:26:13-49
	android:label
		ADDED from src/main/AndroidManifest.xml:24:13-45
	android:theme
		ADDED from src/main/AndroidManifest.xml:25:13-69
	android:name
		ADDED from src/main/AndroidManifest.xml:23:13-54
intent-filter#android.intent.action.MAIN+android.intent.category.LAUNCHER
ADDED from src/main/AndroidManifest.xml:27:13-31:29
action#android.intent.action.MAIN
ADDED from src/main/AndroidManifest.xml:28:17-69
	android:name
		ADDED from src/main/AndroidManifest.xml:28:25-66
category#android.intent.category.LAUNCHER
ADDED from src/main/AndroidManifest.xml:30:17-77
	android:name
		ADDED from src/main/AndroidManifest.xml:30:27-74
activity#com.movie.movieticketbooking.activities.FullscreenDemoActivity
ADDED from src/main/AndroidManifest.xml:34:10-39:9
	android:screenOrientation
		ADDED from src/main/AndroidManifest.xml:36:9-43
	android:configChanges
		ADDED from src/main/AndroidManifest.xml:38:9-70
	android:theme
		ADDED from src/main/AndroidManifest.xml:37:11-67
	android:name
		ADDED from src/main/AndroidManifest.xml:35:9-58
activity#com.movie.movieticketbooking.activities.BaseActivity
ADDED from src/main/AndroidManifest.xml:40:9-50:20
	android:screenOrientation
		ADDED from src/main/AndroidManifest.xml:44:13-49
	android:label
		ADDED from src/main/AndroidManifest.xml:42:13-45
	android:theme
		ADDED from src/main/AndroidManifest.xml:43:13-48
	android:name
		ADDED from src/main/AndroidManifest.xml:41:13-52
intent-filter#android.intent.action.VIEW+android.intent.category.DEFAULT
ADDED from src/main/AndroidManifest.xml:45:13-49:29
action#android.intent.action.VIEW
ADDED from src/main/AndroidManifest.xml:46:17-69
	android:name
		ADDED from src/main/AndroidManifest.xml:46:25-66
category#android.intent.category.DEFAULT
ADDED from src/main/AndroidManifest.xml:48:17-76
	android:name
		ADDED from src/main/AndroidManifest.xml:48:27-73
activity#com.movie.movieticketbooking.activities.Item1Activity
ADDED from src/main/AndroidManifest.xml:52:9-61:20
	android:screenOrientation
		ADDED from src/main/AndroidManifest.xml:55:13-49
	android:theme
		ADDED from src/main/AndroidManifest.xml:54:14-70
	android:name
		ADDED from src/main/AndroidManifest.xml:53:13-53
activity#com.movie.movieticketbooking.activities.MovieGridActivity
ADDED from src/main/AndroidManifest.xml:62:9-73:20
	android:screenOrientation
		ADDED from src/main/AndroidManifest.xml:67:13-49
	android:label
		ADDED from src/main/AndroidManifest.xml:64:13-45
	android:theme
		ADDED from src/main/AndroidManifest.xml:65:15-50
	android:name
		ADDED from src/main/AndroidManifest.xml:63:13-57
	android:launchMode
		ADDED from src/main/AndroidManifest.xml:66:13-43
activity#com.movie.movieticketbooking.activities.MovieDetailActivity
ADDED from src/main/AndroidManifest.xml:74:9-83:20
	android:screenOrientation
		ADDED from src/main/AndroidManifest.xml:77:13-49
	android:theme
		ADDED from src/main/AndroidManifest.xml:76:13-48
	android:name
		ADDED from src/main/AndroidManifest.xml:75:13-59
activity#com.movie.movieticketbooking.activities.ShowTimesActivity
ADDED from src/main/AndroidManifest.xml:84:9-95:20
	android:screenOrientation
		ADDED from src/main/AndroidManifest.xml:89:13-49
	android:theme
		ADDED from src/main/AndroidManifest.xml:86:15-50
	android:name
		ADDED from src/main/AndroidManifest.xml:85:13-57
	android:launchMode
		ADDED from src/main/AndroidManifest.xml:87:13-43
activity#com.movie.movieticketbooking.activities.TheatreListActivityNew
ADDED from src/main/AndroidManifest.xml:96:9-107:20
	android:screenOrientation
		ADDED from src/main/AndroidManifest.xml:101:13-49
	android:theme
		ADDED from src/main/AndroidManifest.xml:98:15-50
	android:name
		ADDED from src/main/AndroidManifest.xml:97:13-62
	android:launchMode
		ADDED from src/main/AndroidManifest.xml:99:13-43
activity#com.movie.movieticketbooking.activities.YoutubeActivity
ADDED from src/main/AndroidManifest.xml:109:10-118:20
	android:configChanges
		ADDED from src/main/AndroidManifest.xml:111:14-64
	android:name
		ADDED from src/main/AndroidManifest.xml:110:13-55
activity#com.movie.movieticketbooking.activities.ShowTimesNew
ADDED from src/main/AndroidManifest.xml:119:9-130:20
	android:screenOrientation
		ADDED from src/main/AndroidManifest.xml:124:13-49
	android:theme
		ADDED from src/main/AndroidManifest.xml:121:15-50
	android:name
		ADDED from src/main/AndroidManifest.xml:120:13-52
	android:launchMode
		ADDED from src/main/AndroidManifest.xml:122:13-43
activity#com.movie.movieticketbooking.activities.SeatLayoutActivityNew
ADDED from src/main/AndroidManifest.xml:131:9-142:20
	android:screenOrientation
		ADDED from src/main/AndroidManifest.xml:136:13-49
	android:theme
		ADDED from src/main/AndroidManifest.xml:133:15-50
	android:name
		ADDED from src/main/AndroidManifest.xml:132:13-61
	android:launchMode
		ADDED from src/main/AndroidManifest.xml:134:13-43
activity#com.movie.movieticketbooking.activities.AboutUsActivity
ADDED from src/main/AndroidManifest.xml:143:9-152:20
	android:screenOrientation
		ADDED from src/main/AndroidManifest.xml:146:13-49
	android:theme
		ADDED from src/main/AndroidManifest.xml:145:14-70
	android:name
		ADDED from src/main/AndroidManifest.xml:144:13-55
activity#com.movie.movieticketbooking.activities.BookingHistory
ADDED from src/main/AndroidManifest.xml:153:9-161:20
	android:screenOrientation
		ADDED from src/main/AndroidManifest.xml:155:13-49
	android:name
		ADDED from src/main/AndroidManifest.xml:154:13-54
activity#com.movie.movieticketbooking.activities.UserLoginActivity
ADDED from src/main/AndroidManifest.xml:162:9-171:20
	android:screenOrientation
		ADDED from src/main/AndroidManifest.xml:165:13-49
	android:theme
		ADDED from src/main/AndroidManifest.xml:164:14-70
	android:name
		ADDED from src/main/AndroidManifest.xml:163:13-57
activity#com.movie.movieticketbooking.activities.SeatLayoutActivity
ADDED from src/main/AndroidManifest.xml:172:9-180:20
	android:screenOrientation
		ADDED from src/main/AndroidManifest.xml:174:13-49
	android:name
		ADDED from src/main/AndroidManifest.xml:173:13-58
activity#com.movie.movieticketbooking.activities.SelectClassActivity
ADDED from src/main/AndroidManifest.xml:181:9-190:20
	android:screenOrientation
		ADDED from src/main/AndroidManifest.xml:184:13-49
	android:theme
		ADDED from src/main/AndroidManifest.xml:183:14-70
	android:name
		ADDED from src/main/AndroidManifest.xml:182:13-59
activity#com.movie.movieticketbooking.activities.ForgotPasswordActivity
ADDED from src/main/AndroidManifest.xml:191:9-200:20
	android:screenOrientation
		ADDED from src/main/AndroidManifest.xml:194:13-49
	android:theme
		ADDED from src/main/AndroidManifest.xml:193:14-70
	android:name
		ADDED from src/main/AndroidManifest.xml:192:13-62
activity#com.movie.movieticketbooking.activities.UserRegistrationActivity
ADDED from src/main/AndroidManifest.xml:201:9-210:20
	android:screenOrientation
		ADDED from src/main/AndroidManifest.xml:204:13-49
	android:theme
		ADDED from src/main/AndroidManifest.xml:203:13-69
	android:name
		ADDED from src/main/AndroidManifest.xml:202:13-64
activity#com.movie.movieticketbooking.activities.OrderSummaryActivity
ADDED from src/main/AndroidManifest.xml:211:9-220:20
	android:screenOrientation
		ADDED from src/main/AndroidManifest.xml:214:13-49
	android:theme
		ADDED from src/main/AndroidManifest.xml:213:14-70
	android:name
		ADDED from src/main/AndroidManifest.xml:212:13-60
activity#com.movie.movieticketbooking.activities.LoginBeforePaymentActivity
ADDED from src/main/AndroidManifest.xml:221:9-230:20
	android:screenOrientation
		ADDED from src/main/AndroidManifest.xml:224:13-49
	android:theme
		ADDED from src/main/AndroidManifest.xml:223:14-70
	android:name
		ADDED from src/main/AndroidManifest.xml:222:13-66
activity#com.movie.movieticketbooking.activities.PaymentActivity
ADDED from src/main/AndroidManifest.xml:231:9-240:20
	android:screenOrientation
		ADDED from src/main/AndroidManifest.xml:234:13-49
	android:theme
		ADDED from src/main/AndroidManifest.xml:233:14-70
	android:name
		ADDED from src/main/AndroidManifest.xml:232:13-55
activity#com.movie.movieticketbooking.activities.TermsActivity
ADDED from src/main/AndroidManifest.xml:241:9-244:52
	android:screenOrientation
		ADDED from src/main/AndroidManifest.xml:244:13-49
	android:theme
		ADDED from src/main/AndroidManifest.xml:243:14-70
	android:name
		ADDED from src/main/AndroidManifest.xml:242:13-53
activity#com.movie.movieticketbooking.activities.ContactUsActivity
ADDED from src/main/AndroidManifest.xml:245:9-248:52
	android:screenOrientation
		ADDED from src/main/AndroidManifest.xml:248:13-49
	android:theme
		ADDED from src/main/AndroidManifest.xml:247:14-70
	android:name
		ADDED from src/main/AndroidManifest.xml:246:13-57
activity#com.movie.movieticketbooking.activities.FindMoviesActivity
ADDED from src/main/AndroidManifest.xml:249:9-252:52
	android:screenOrientation
		ADDED from src/main/AndroidManifest.xml:252:13-49
	android:theme
		ADDED from src/main/AndroidManifest.xml:251:14-70
	android:name
		ADDED from src/main/AndroidManifest.xml:250:13-58
activity#com.movie.movieticketbooking.activities.CouponListActivity
ADDED from src/main/AndroidManifest.xml:253:9-256:52
	android:screenOrientation
		ADDED from src/main/AndroidManifest.xml:256:13-49
	android:theme
		ADDED from src/main/AndroidManifest.xml:255:14-70
	android:name
		ADDED from src/main/AndroidManifest.xml:254:13-58
activity#com.movie.movieticketbooking.activities.FinalLoginActivity
ADDED from src/main/AndroidManifest.xml:257:10-261:52
	android:windowSoftInputMode
		ADDED from src/main/AndroidManifest.xml:260:10-80
	android:screenOrientation
		ADDED from src/main/AndroidManifest.xml:261:13-49
	android:theme
		ADDED from src/main/AndroidManifest.xml:259:14-70
	android:name
		ADDED from src/main/AndroidManifest.xml:258:13-58
activity#com.movie.movieticketbooking.activities.FinalSummaryActivity
ADDED from src/main/AndroidManifest.xml:262:13-265:52
	android:screenOrientation
		ADDED from src/main/AndroidManifest.xml:265:13-49
	android:theme
		ADDED from src/main/AndroidManifest.xml:264:14-70
	android:name
		ADDED from src/main/AndroidManifest.xml:263:13-60
activity#com.movie.movieticketbooking.activities.TicketDetailActivity
ADDED from src/main/AndroidManifest.xml:267:17-270:52
	android:screenOrientation
		ADDED from src/main/AndroidManifest.xml:270:13-49
	android:theme
		ADDED from src/main/AndroidManifest.xml:269:14-70
	android:name
		ADDED from src/main/AndroidManifest.xml:268:13-60
activity#com.movie.movieticketbooking.activities.MyTickets
ADDED from src/main/AndroidManifest.xml:272:17-275:52
	android:screenOrientation
		ADDED from src/main/AndroidManifest.xml:275:13-49
	android:theme
		ADDED from src/main/AndroidManifest.xml:274:14-70
	android:name
		ADDED from src/main/AndroidManifest.xml:273:13-49